#-----------------------------------------------------------
# Vivado v2019.2 (64-bit)
# SW Build 2708876 on Wed Nov  6 21:40:23 MST 2019
# IP Build 2700528 on Thu Nov  7 00:09:20 MST 2019
# Start of session at: Fri Apr 14 16:56:07 2023
# Process ID: 11024
# Current directory: C:/Users/borja/Universidad/6to semestre/Arquitectura de computadores/Proyecto/Proyecto Base Actividad 2-20230403T200356Z-001/Proyecto Base Actividad 2
# Command line: vivado.exe -gui_launcher_event rodinguilauncherevent16652 C:\Users\borja\Universidad\6to semestre\Arquitectura de computadores\Proyecto\Proyecto Base Actividad 2-20230403T200356Z-001\Proyecto Base Actividad 2\Proyecto Base.xpr
# Log file: C:/Users/borja/Universidad/6to semestre/Arquitectura de computadores/Proyecto/Proyecto Base Actividad 2-20230403T200356Z-001/Proyecto Base Actividad 2/vivado.log
# Journal file: C:/Users/borja/Universidad/6to semestre/Arquitectura de computadores/Proyecto/Proyecto Base Actividad 2-20230403T200356Z-001/Proyecto Base Actividad 2\vivado.jou
#-----------------------------------------------------------
start_gui
open_project {C:/Users/borja/Universidad/6to semestre/Arquitectura de computadores/Proyecto/Proyecto Base Actividad 2-20230403T200356Z-001/Proyecto Base Actividad 2/Proyecto Base.xpr}
INFO: [ProjectBase 1-489] The host OS only allows 260 characters in a normal path. The project is stored in a path with more than 80 characters. If you experience issues with IP, Block Designs, or files not being found, please consider moving the project to a location with a shorter path. Alternately consider using the OS subst command to map part of the path to a drive letter.
Current project path is 'C:/Users/borja/Universidad/6to semestre/Arquitectura de computadores/Proyecto/Proyecto Base Actividad 2-20230403T200356Z-001/Proyecto Base Actividad 2'
INFO: [Project 1-313] Project file moved from 'C:/Users/iic2343/Desktop/Proyecto Base Actividad 2' since last save.
CRITICAL WARNING: [Project 1-311] Could not find the file 'C:/Users/borja/Universidad/6to semestre/Arquitectura de computadores/Proyecto/Proyecto Base Actividad 2-20230403T200356Z-001/Componentes/Adder8.vhd', nor could it be found using path 'C:/Users/iic2343/Desktop/Componentes/Adder8.vhd'.
CRITICAL WARNING: [Project 1-311] Could not find the file 'C:/Users/borja/Universidad/6to semestre/Arquitectura de computadores/Proyecto/Proyecto Base Actividad 2-20230403T200356Z-001/Componentes/FA.vhd', nor could it be found using path 'C:/Users/iic2343/Desktop/Componentes/FA.vhd'.
CRITICAL WARNING: [Project 1-311] Could not find the file 'C:/Users/borja/Universidad/6to semestre/Arquitectura de computadores/Proyecto/Proyecto Base Actividad 2-20230403T200356Z-001/Componentes/HA.vhd', nor could it be found using path 'C:/Users/iic2343/Desktop/Componentes/HA.vhd'.
CRITICAL WARNING: [Project 1-311] Could not find the file 'C:/Users/borja/Universidad/6to semestre/Arquitectura de computadores/Proyecto/Proyecto Base Actividad 2-20230403T200356Z-001/Componentes/Reg.vhd', nor could it be found using path 'C:/Users/iic2343/Desktop/Componentes/Reg.vhd'.
Scanning sources...
Finished scanning sources
WARNING: [filemgmt 56-2] IPUserFilesDir: Could not find the directory 'C:/Users/borja/Universidad/6to semestre/Arquitectura de computadores/Proyecto/Proyecto Base Actividad 2-20230403T200356Z-001/Recuperativo/Proyecto Base/Proyecto Base.ip_user_files', nor could it be found using path 'C:/Users/iic2343/Desktop/Recuperativo/Proyecto Base/Proyecto Base.ip_user_files'.
INFO: [IP_Flow 19-234] Refreshing IP repositories
INFO: [IP_Flow 19-1704] No user IP repositories specified
INFO: [IP_Flow 19-2313] Loaded Vivado IP repository 'C:/Users/borja/OneDrive/Escritorio/Vivado/2019.2/data/ip'.
open_project: Time (s): cpu = 00:00:25 ; elapsed = 00:00:11 . Memory (MB): peak = 913.133 ; gain = 264.562
update_compile_order -fileset sources_1
update_compile_order -fileset sources_1
update_compile_order -fileset sources_1
update_compile_order -fileset sources_1
reset_run synth_1
launch_runs synth_1 -jobs 8
[Fri Apr 14 17:06:20 2023] Launched synth_1...
Run output will be captured here: C:/Users/borja/Universidad/6to semestre/Arquitectura de computadores/Proyecto/Proyecto Base Actividad 2-20230403T200356Z-001/Proyecto Base Actividad 2/Proyecto Base.runs/synth_1/runme.log
close [ open {C:/Users/borja/Universidad/6to semestre/Arquitectura de computadores/Proyecto/Proyecto Base Actividad 2-20230403T200356Z-001/Proyecto Base Actividad 2/Proyecto Base.srcs/sources_1/new/CPU.vhd} w ]
add_files {{C:/Users/borja/Universidad/6to semestre/Arquitectura de computadores/Proyecto/Proyecto Base Actividad 2-20230403T200356Z-001/Proyecto Base Actividad 2/Proyecto Base.srcs/sources_1/new/CPU.vhd}}
update_compile_order -fileset sources_1
reset_run synth_1
launch_runs synth_1 -jobs 8
[Fri Apr 14 17:17:55 2023] Launched synth_1...
Run output will be captured here: C:/Users/borja/Universidad/6to semestre/Arquitectura de computadores/Proyecto/Proyecto Base Actividad 2-20230403T200356Z-001/Proyecto Base Actividad 2/Proyecto Base.runs/synth_1/runme.log
reset_run synth_1
launch_runs synth_1 -jobs 8
[Fri Apr 14 17:20:10 2023] Launched synth_1...
Run output will be captured here: C:/Users/borja/Universidad/6to semestre/Arquitectura de computadores/Proyecto/Proyecto Base Actividad 2-20230403T200356Z-001/Proyecto Base Actividad 2/Proyecto Base.runs/synth_1/runme.log
reset_run synth_1
launch_runs synth_1 -jobs 8
[Fri Apr 14 17:21:28 2023] Launched synth_1...
Run output will be captured here: C:/Users/borja/Universidad/6to semestre/Arquitectura de computadores/Proyecto/Proyecto Base Actividad 2-20230403T200356Z-001/Proyecto Base Actividad 2/Proyecto Base.runs/synth_1/runme.log
reset_run synth_1
launch_runs synth_1 -jobs 8
[Fri Apr 14 17:22:22 2023] Launched synth_1...
Run output will be captured here: C:/Users/borja/Universidad/6to semestre/Arquitectura de computadores/Proyecto/Proyecto Base Actividad 2-20230403T200356Z-001/Proyecto Base Actividad 2/Proyecto Base.runs/synth_1/runme.log
reset_run synth_1
launch_runs synth_1 -jobs 8
[Fri Apr 14 17:24:24 2023] Launched synth_1...
Run output will be captured here: C:/Users/borja/Universidad/6to semestre/Arquitectura de computadores/Proyecto/Proyecto Base Actividad 2-20230403T200356Z-001/Proyecto Base Actividad 2/Proyecto Base.runs/synth_1/runme.log
exit
INFO: [Common 17-206] Exiting Vivado at Fri Apr 14 17:26:04 2023...
