#-----------------------------------------------------------
# Vivado v2019.2 (64-bit)
# SW Build 2708876 on Wed Nov  6 21:40:23 MST 2019
# IP Build 2700528 on Thu Nov  7 00:09:20 MST 2019
# Start of session at: Sun Apr 16 16:59:08 2023
# Process ID: 15768
# Current directory: C:/Users/borja/Universidad/6to semestre/Arquitectura de computadores/Proyecto/g1-iic2343/Proyecto Base Actividad 2-20230403T200356Z-001/Proyecto Base Actividad 2
# Command line: vivado.exe -gui_launcher_event rodinguilauncherevent23728 C:\Users\borja\Universidad\6to semestre\Arquitectura de computadores\Proyecto\g1-iic2343\Proyecto Base Actividad 2-20230403T200356Z-001\Proyecto Base Actividad 2\Proyecto Base.xpr
# Log file: C:/Users/borja/Universidad/6to semestre/Arquitectura de computadores/Proyecto/g1-iic2343/Proyecto Base Actividad 2-20230403T200356Z-001/Proyecto Base Actividad 2/vivado.log
# Journal file: C:/Users/borja/Universidad/6to semestre/Arquitectura de computadores/Proyecto/g1-iic2343/Proyecto Base Actividad 2-20230403T200356Z-001/Proyecto Base Actividad 2\vivado.jou
#-----------------------------------------------------------
start_gui
open_project {C:/Users/borja/Universidad/6to semestre/Arquitectura de computadores/Proyecto/g1-iic2343/Proyecto Base Actividad 2-20230403T200356Z-001/Proyecto Base Actividad 2/Proyecto Base.xpr}
INFO: [ProjectBase 1-489] The host OS only allows 260 characters in a normal path. The project is stored in a path with more than 80 characters. If you experience issues with IP, Block Designs, or files not being found, please consider moving the project to a location with a shorter path. Alternately consider using the OS subst command to map part of the path to a drive letter.
Current project path is 'C:/Users/borja/Universidad/6to semestre/Arquitectura de computadores/Proyecto/g1-iic2343/Proyecto Base Actividad 2-20230403T200356Z-001/Proyecto Base Actividad 2'
Scanning sources...
Finished scanning sources
INFO: [IP_Flow 19-234] Refreshing IP repositories
INFO: [IP_Flow 19-1704] No user IP repositories specified
INFO: [IP_Flow 19-2313] Loaded Vivado IP repository 'C:/Users/borja/OneDrive/Escritorio/Vivado/2019.2/data/ip'.
open_project: Time (s): cpu = 00:00:23 ; elapsed = 00:00:10 . Memory (MB): peak = 894.230 ; gain = 217.352
update_compile_order -fileset sources_1
reset_run synth_1
launch_runs synth_1 -jobs 8
[Sun Apr 16 17:00:10 2023] Launched synth_1...
Run output will be captured here: C:/Users/borja/Universidad/6to semestre/Arquitectura de computadores/Proyecto/g1-iic2343/Proyecto Base Actividad 2-20230403T200356Z-001/Proyecto Base Actividad 2/Proyecto Base.runs/synth_1/runme.log
reset_run synth_1
launch_runs synth_1 -jobs 8
[Sun Apr 16 17:03:23 2023] Launched synth_1...
Run output will be captured here: C:/Users/borja/Universidad/6to semestre/Arquitectura de computadores/Proyecto/g1-iic2343/Proyecto Base Actividad 2-20230403T200356Z-001/Proyecto Base Actividad 2/Proyecto Base.runs/synth_1/runme.log
reset_run synth_1
