#-----------------------------------------------------------
# Vivado v2019.2 (64-bit)
# SW Build 2708876 on Wed Nov  6 21:40:23 MST 2019
# IP Build 2700528 on Thu Nov  7 00:09:20 MST 2019
# Start of session at: Sun Apr 16 11:12:10 2023
# Process ID: 12208
# Current directory: C:/Users/borja/Universidad/6to semestre/Arquitectura de computadores/Proyecto/g1-iic2343/Proyecto Base Actividad 2-20230403T200356Z-001/Proyecto Base Actividad 2
# Command line: vivado.exe -gui_launcher_event rodinguilauncherevent4524 C:\Users\borja\Universidad\6to semestre\Arquitectura de computadores\Proyecto\g1-iic2343\Proyecto Base Actividad 2-20230403T200356Z-001\Proyecto Base Actividad 2\Proyecto Base.xpr
# Log file: C:/Users/borja/Universidad/6to semestre/Arquitectura de computadores/Proyecto/g1-iic2343/Proyecto Base Actividad 2-20230403T200356Z-001/Proyecto Base Actividad 2/vivado.log
# Journal file: C:/Users/borja/Universidad/6to semestre/Arquitectura de computadores/Proyecto/g1-iic2343/Proyecto Base Actividad 2-20230403T200356Z-001/Proyecto Base Actividad 2\vivado.jou
#-----------------------------------------------------------
start_gui
open_project {C:/Users/borja/Universidad/6to semestre/Arquitectura de computadores/Proyecto/g1-iic2343/Proyecto Base Actividad 2-20230403T200356Z-001/Proyecto Base Actividad 2/Proyecto Base.xpr}
INFO: [ProjectBase 1-489] The host OS only allows 260 characters in a normal path. The project is stored in a path with more than 80 characters. If you experience issues with IP, Block Designs, or files not being found, please consider moving the project to a location with a shorter path. Alternately consider using the OS subst command to map part of the path to a drive letter.
Current project path is 'C:/Users/borja/Universidad/6to semestre/Arquitectura de computadores/Proyecto/g1-iic2343/Proyecto Base Actividad 2-20230403T200356Z-001/Proyecto Base Actividad 2'
INFO: [Project 1-313] Project file moved from 'C:/Users/56999/Documents/Universidad/2023-1/Arqui/g1-iic2343/Proyecto Base Actividad 2-20230403T200356Z-001/Proyecto Base Actividad 2' since last save.
CRITICAL WARNING: [Project 1-311] Could not find the file 'C:/Users/borja/Universidad/6to semestre/Arquitectura de computadores/Proyecto/Proyecto Borja/proyecto-grupo-35/Proyecto Base/Proyecto Base/Proyecto Base/Proyecto Base.srcs/sources_1/new/ControlUnit.vhd', nor could it be found using path 'C:/Users/56999/Documents/Universidad/2023-1/Arqui/Proyecto Borja/proyecto-grupo-35/Proyecto Base/Proyecto Base/Proyecto Base/Proyecto Base.srcs/sources_1/new/ControlUnit.vhd'.
Scanning sources...
Finished scanning sources
INFO: [IP_Flow 19-234] Refreshing IP repositories
INFO: [IP_Flow 19-1704] No user IP repositories specified
INFO: [IP_Flow 19-2313] Loaded Vivado IP repository 'C:/Users/borja/OneDrive/Escritorio/Vivado/2019.2/data/ip'.
open_project: Time (s): cpu = 00:00:35 ; elapsed = 00:00:18 . Memory (MB): peak = 856.871 ; gain = 225.602
update_compile_order -fileset sources_1
update_files -from_files {{C:/Users/borja/Universidad/6to semestre/Arquitectura de computadores/Proyecto/g1-iic2343/Proyecto Base Actividad 2-20230403T200356Z-001/Proyecto Base Actividad 2/Proyecto Base.srcs/sources_1/new/Control_Unit.vhd}} -to_files {{C:/Users/borja/Universidad/6to semestre/Arquitectura de computadores/Proyecto/Proyecto Borja/proyecto-grupo-35/Proyecto Base/Proyecto Base/Proyecto Base/Proyecto Base.srcs/sources_1/new/ControlUnit.vhd}} -filesets [get_filesets *]
INFO: [filemgmt 20-762] Replacing file 'C:/Users/borja/Universidad/6to semestre/Arquitectura de computadores/Proyecto/Proyecto Borja/proyecto-grupo-35/Proyecto Base/Proyecto Base/Proyecto Base/Proyecto Base.srcs/sources_1/new/ControlUnit.vhd' with file 'C:/Users/borja/Universidad/6to semestre/Arquitectura de computadores/Proyecto/g1-iic2343/Proyecto Base Actividad 2-20230403T200356Z-001/Proyecto Base Actividad 2/Proyecto Base.srcs/sources_1/new/Control_Unit.vhd'.
export_ip_user_files -of_objects  [get_files {{C:/Users/borja/Universidad/6to semestre/Arquitectura de computadores/Proyecto/g1-iic2343/Proyecto Base Actividad 2-20230403T200356Z-001/Proyecto Base Actividad 2/Proyecto Base.srcs/sources_1/new/Control_Unit.vhd}}] -no_script -reset -force -quiet
remove_files  {{C:/Users/borja/Universidad/6to semestre/Arquitectura de computadores/Proyecto/g1-iic2343/Proyecto Base Actividad 2-20230403T200356Z-001/Proyecto Base Actividad 2/Proyecto Base.srcs/sources_1/new/Control_Unit.vhd}}
close [ open {C:/Users/borja/Universidad/6to semestre/Arquitectura de computadores/Proyecto/g1-iic2343/Proyecto Base Actividad 2-20230403T200356Z-001/Proyecto Base Actividad 2/Proyecto Base.srcs/sources_1/new/ControlUnit.vhd} w ]
add_files {{C:/Users/borja/Universidad/6to semestre/Arquitectura de computadores/Proyecto/g1-iic2343/Proyecto Base Actividad 2-20230403T200356Z-001/Proyecto Base Actividad 2/Proyecto Base.srcs/sources_1/new/ControlUnit.vhd}}
update_compile_order -fileset sources_1
close [ open {C:/Users/borja/Universidad/6to semestre/Arquitectura de computadores/Proyecto/g1-iic2343/Proyecto Base Actividad 2-20230403T200356Z-001/Proyecto Base Actividad 2/Proyecto Base.srcs/sources_1/new/ControlUnit.vhd} w ]
add_files {{C:/Users/borja/Universidad/6to semestre/Arquitectura de computadores/Proyecto/g1-iic2343/Proyecto Base Actividad 2-20230403T200356Z-001/Proyecto Base Actividad 2/Proyecto Base.srcs/sources_1/new/ControlUnit.vhd}}
WARNING: [filemgmt 56-12] File 'C:/Users/borja/Universidad/6to semestre/Arquitectura de computadores/Proyecto/g1-iic2343/Proyecto Base Actividad 2-20230403T200356Z-001/Proyecto Base Actividad 2/Proyecto Base.srcs/sources_1/new/ControlUnit.vhd' cannot be added to the project because it already exists in the project, skipping this file
update_compile_order -fileset sources_1
close [ open {C:/Users/borja/Universidad/6to semestre/Arquitectura de computadores/Proyecto/g1-iic2343/Proyecto Base Actividad 2-20230403T200356Z-001/Proyecto Base Actividad 2/Proyecto Base.srcs/sources_1/new/ROM.vhd} w ]
add_files {{C:/Users/borja/Universidad/6to semestre/Arquitectura de computadores/Proyecto/g1-iic2343/Proyecto Base Actividad 2-20230403T200356Z-001/Proyecto Base Actividad 2/Proyecto Base.srcs/sources_1/new/ROM.vhd}}
update_compile_order -fileset sources_1
reset_run synth_1
launch_runs synth_1 -jobs 8
[Sun Apr 16 13:52:46 2023] Launched synth_1...
Run output will be captured here: C:/Users/borja/Universidad/6to semestre/Arquitectura de computadores/Proyecto/g1-iic2343/Proyecto Base Actividad 2-20230403T200356Z-001/Proyecto Base Actividad 2/Proyecto Base.runs/synth_1/runme.log
reset_run synth_1
launch_runs synth_1 -jobs 8
[Sun Apr 16 13:59:22 2023] Launched synth_1...
Run output will be captured here: C:/Users/borja/Universidad/6to semestre/Arquitectura de computadores/Proyecto/g1-iic2343/Proyecto Base Actividad 2-20230403T200356Z-001/Proyecto Base Actividad 2/Proyecto Base.runs/synth_1/runme.log
reset_run synth_1
launch_runs synth_1 -jobs 8
[Sun Apr 16 14:00:53 2023] Launched synth_1...
Run output will be captured here: C:/Users/borja/Universidad/6to semestre/Arquitectura de computadores/Proyecto/g1-iic2343/Proyecto Base Actividad 2-20230403T200356Z-001/Proyecto Base Actividad 2/Proyecto Base.runs/synth_1/runme.log
reset_run synth_1
launch_runs synth_1 -jobs 8
[Sun Apr 16 14:02:32 2023] Launched synth_1...
Run output will be captured here: C:/Users/borja/Universidad/6to semestre/Arquitectura de computadores/Proyecto/g1-iic2343/Proyecto Base Actividad 2-20230403T200356Z-001/Proyecto Base Actividad 2/Proyecto Base.runs/synth_1/runme.log
reset_run synth_1
launch_runs synth_1 -jobs 8
[Sun Apr 16 14:03:31 2023] Launched synth_1...
Run output will be captured here: C:/Users/borja/Universidad/6to semestre/Arquitectura de computadores/Proyecto/g1-iic2343/Proyecto Base Actividad 2-20230403T200356Z-001/Proyecto Base Actividad 2/Proyecto Base.runs/synth_1/runme.log
reset_run synth_1
launch_runs synth_1 -jobs 8
[Sun Apr 16 15:49:04 2023] Launched synth_1...
Run output will be captured here: C:/Users/borja/Universidad/6to semestre/Arquitectura de computadores/Proyecto/g1-iic2343/Proyecto Base Actividad 2-20230403T200356Z-001/Proyecto Base Actividad 2/Proyecto Base.runs/synth_1/runme.log
reset_run synth_1
launch_runs synth_1 -jobs 8
[Sun Apr 16 15:52:22 2023] Launched synth_1...
Run output will be captured here: C:/Users/borja/Universidad/6to semestre/Arquitectura de computadores/Proyecto/g1-iic2343/Proyecto Base Actividad 2-20230403T200356Z-001/Proyecto Base Actividad 2/Proyecto Base.runs/synth_1/runme.log
reset_run synth_1
launch_runs synth_1 -jobs 8
[Sun Apr 16 16:28:24 2023] Launched synth_1...
Run output will be captured here: C:/Users/borja/Universidad/6to semestre/Arquitectura de computadores/Proyecto/g1-iic2343/Proyecto Base Actividad 2-20230403T200356Z-001/Proyecto Base Actividad 2/Proyecto Base.runs/synth_1/runme.log
exit
INFO: [Common 17-206] Exiting Vivado at Sun Apr 16 16:29:20 2023...
